\BOOKMARK [0][-]{section*.1}{\376\377\000D\000e\000c\000l\000a\000r\000a\000t\000i\000o\000n\000\040\000o\000f\000\040\000A\000u\000t\000h\000o\000r\000s\000h\000i\000p}{}% 1
\BOOKMARK [0][-]{section*.2}{\376\377\000A\000b\000s\000t\000r\000a\000c\000t}{}% 2
\BOOKMARK [0][-]{section*.3}{\376\377\000A\000c\000k\000n\000o\000w\000l\000e\000d\000g\000e\000m\000e\000n\000t\000s}{}% 3
\BOOKMARK [0][-]{chapter.7}{\376\377\000I\000n\000t\000r\000o\000d\000u\000c\000t\000i\000o\000n}{}% 4
\BOOKMARK [0][-]{chapter.10}{\376\377\000T\000h\000e\000o\000r\000y}{}% 5
\BOOKMARK [1][-]{section.11}{\376\377\000C\000o\000r\000r\000e\000l\000a\000t\000i\000o\000n\000s\000\040\000b\000e\000t\000w\000e\000e\000n\000\040\000t\000w\000o\000\040\000p\000h\000o\000t\000o\000n\000s}{chapter.10}% 6
\BOOKMARK [2][-]{subsection.12}{\376\377\000S\000P\000D\000C}{section.11}% 7
\BOOKMARK [3][-]{subsubsection.16}{\376\377\000P\000h\000a\000s\000e\000\040\000m\000a\000t\000c\000h\000i\000n\000g\000\040\000c\000o\000n\000d\000i\000t\000i\000o\000n\000s}{subsection.12}% 8
\BOOKMARK [2][-]{subsection.21}{\376\377\000S\000p\000a\000t\000i\000a\000l\000\040\000C\000o\000r\000r\000e\000l\000a\000t\000i\000o\000n\000s}{section.11}% 9
\BOOKMARK [2][-]{subsection.30}{\376\377\000T\000u\000n\000a\000b\000l\000e\000\040\000S\000p\000a\000t\000i\000a\000l\000\040\000C\000o\000r\000r\000e\000l\000a\000t\000i\000o\000n\000\040\000S\000P\000D\000C\000\040\000s\000o\000u\000r\000c\000e\000\040\000l\000i\000g\000h\000t}{section.11}% 10
\BOOKMARK [1][-]{section.31}{\376\377\000I\000m\000a\000g\000i\000n\000g}{chapter.10}% 11
\BOOKMARK [2][-]{subsection.34}{\376\377\000S\000t\000a\000n\000d\000a\000r\000\040\000I\000m\000a\000g\000i\000n\000g}{section.31}% 12
\BOOKMARK [2][-]{subsection.38}{\376\377\000T\000w\000o\000-\000p\000h\000o\000t\000o\000n\000\040\000I\000m\000a\000g\000i\000n\000g}{section.31}% 13
\BOOKMARK [3][-]{subsubsection.42}{\376\377\000T\000w\000o\000-\000p\000h\000o\000t\000o\000n\000\040\000I\000m\000a\000g\000i\000n\000g\000\040\000u\000s\000i\000n\000g\000\040\000e\000n\000t\000a\000n\000g\000l\000e\000d\000\040\000p\000h\000o\000t\000o\000n}{subsection.38}% 14
\BOOKMARK [3][-]{subsubsection.46}{\376\377\000P\000r\000o\000p\000a\000g\000a\000t\000i\000o\000n\000\040\000o\000f\000\040\000l\000i\000g\000h\000t\000\040\000t\000h\000r\000o\000u\000g\000h\000\040\0002\000-\000f\000\040\000s\000y\000s\000t\000e\000m}{subsection.38}% 15
\BOOKMARK [3][-]{subsubsection.59}{\376\377\000T\000w\000o\000-\000p\000h\000o\000t\000o\000n\000\040\000I\000m\000a\000g\000i\000n\000g\000\040\000U\000s\000i\000n\000g\000\040\000C\000h\000a\000o\000t\000i\000c\000\040\000S\000o\000u\000r\000c\000e\000s}{subsection.38}% 16
\BOOKMARK [0][-]{chapter.65}{\376\377\000E\000x\000p\000e\000r\000i\000m\000e\000n\000t\000a\000l\000\040\000S\000e\000t\000u\000p}{}% 17
\BOOKMARK [1][-]{section.66}{\376\377\000S\000P\000D\000C\000\040\000S\000e\000t\000u\000p}{chapter.65}% 18
\BOOKMARK [2][-]{subsection.68}{\376\377\000D\000i\000o\000d\000e\000\040\000L\000a\000s\000e\000r}{section.66}% 19
\BOOKMARK [2][-]{subsection.70}{\376\377\000M\000i\000r\000r\000o\000r}{section.66}% 20
\BOOKMARK [2][-]{subsection.72}{\376\377\000S\000p\000a\000t\000i\000a\000l\000\040\000F\000i\000l\000t\000e\000r}{section.66}% 21
\BOOKMARK [2][-]{subsection.76}{\376\377\000W\000a\000i\000s\000t\000\040\000L\000e\000n\000s}{section.66}% 22
\BOOKMARK [2][-]{subsection.79}{\376\377\000B\000B\000O\000\050\000B\000e\000t\000a\000\040\000B\000a\000r\000i\000u\000m\000\040\000B\000o\000r\000a\000t\000e\000\051\000\040\000C\000r\000y\000s\000t\000a\000l}{section.66}% 23
\BOOKMARK [1][-]{section.81}{\376\377\000S\000p\000a\000t\000i\000a\000l\000\040\000C\000o\000r\000r\000e\000l\000a\000t\000i\000o\000n\000s\000\040\000M\000e\000a\000s\000u\000r\000e\000m\000e\000n\000t\000\040\000S\000e\000t\000u\000p}{chapter.65}% 24
\BOOKMARK [2][-]{subsection.83}{\376\377\000L\000e\000n\000s\000\040\000\050\000F\000o\000u\000r\000i\000e\000r\000\040\000P\000l\000a\000n\000e\000\051}{section.81}% 25
\BOOKMARK [2][-]{subsection.84}{\376\377\000P\000o\000l\000a\000r\000i\000s\000e\000r}{section.81}% 26
\BOOKMARK [2][-]{subsection.85}{\376\377\000I\000n\000t\000e\000r\000f\000e\000r\000o\000m\000e\000t\000e\000r\000\040\000F\000i\000l\000t\000e\000r}{section.81}% 27
\BOOKMARK [2][-]{subsection.86}{\376\377\000P\000i\000n\000\040\000H\000o\000l\000e\000\050\000A\000r\000d\000u\000i\000n\000o\000\051}{section.81}% 28
\BOOKMARK [2][-]{subsection.87}{\376\377\000S\000i\000n\000g\000l\000e\000\040\000P\000h\000o\000t\000o\000n\000\040\000C\000o\000u\000n\000t\000i\000n\000g\000\040\000M\000o\000d\000u\000l\000e\000\050\000S\000P\000C\000M\000\051}{section.81}% 29
\BOOKMARK [2][-]{subsection.89}{\376\377\000F\000i\000e\000l\000d\000-\000p\000r\000o\000g\000r\000a\000m\000m\000a\000b\000l\000e\000\040\000g\000a\000t\000e\000\040\000a\000r\000r\000a\000y\000\050\000F\000P\000G\000A\000\051}{section.81}% 30
\BOOKMARK [2][-]{subsection.90}{\376\377\000C\000o\000m\000p\000u\000t\000e\000r\000\050\000D\000a\000t\000a\000\040\000A\000n\000a\000l\000y\000s\000i\000s\000\051}{section.81}% 31
\BOOKMARK [1][-]{section.91}{\376\377\000T\000w\000o\000-\000P\000h\000o\000t\000o\000n\000\040\000I\000m\000a\000g\000i\000n\000g\000\040\000S\000e\000t\000u\000p}{chapter.65}% 32
\BOOKMARK [2][-]{subsection.93}{\376\377\000M\000a\000s\000k}{section.91}% 33
\BOOKMARK [2][-]{subsection.94}{\376\377\000F\000o\000l\000d\000i\000n\000g\000\040\000M\000i\000r\000r\000o\000r}{section.91}% 34
\BOOKMARK [2][-]{subsection.96}{\376\377\000B\000u\000c\000k\000e\000t\000\040\000D\000e\000t\000e\000c\000t\000o\000r}{section.91}% 35
\BOOKMARK [0][-]{chapter.97}{\376\377\000R\000e\000s\000u\000l\000t\000s}{}% 36
\BOOKMARK [1][-]{section.98}{\376\377\000A\000c\000h\000i\000v\000i\000n\000g\000\040\000a\000\040\000G\000a\000u\000s\000s\000i\000a\000n\000\040\000B\000e\000a\000m}{chapter.97}% 37
\BOOKMARK [1][-]{section.99}{\376\377\000F\000i\000n\000d\000i\000n\000g\000\040\000T\000h\000e\000\040\000C\000o\000r\000r\000e\000l\000a\000t\000e\000d\000\040\000P\000h\000o\000t\000o\000n\000s}{chapter.97}% 38
\BOOKMARK [1][-]{section.101}{\376\377\000E\000x\000p\000e\000r\000i\000m\000e\000n\000t\000a\000l\000\040\000C\000o\000r\000r\000e\000l\000a\000t\000i\000o\000n\000s\000\040}{chapter.97}% 39
\BOOKMARK [2][-]{subsection.102}{\376\377\000w\000p\000\040\000=\000\040\000?}{section.101}% 40
\BOOKMARK [1][-]{section.103}{\376\377\000M\000a\000s\000k\000\040\000A\000l\000i\000g\000n\000m\000e\000n\000t}{chapter.97}% 41
\BOOKMARK [1][-]{section.107}{\376\377\000T\000w\000o\000-\000P\000h\000o\000t\000o\000n\000\040\000I\000m\000a\000g\000e\000s}{chapter.97}% 42
\BOOKMARK [2][-]{subsection.108}{\376\377\000m\000a\000s\000k\0001}{section.107}% 43
\BOOKMARK [2][-]{subsection.110}{\376\377\000m\000a\000s\000k\0002}{section.107}% 44
\BOOKMARK [2][-]{subsection.111}{\376\377\000m\000a\000s\000k\0003}{section.107}% 45
\BOOKMARK [0][-]{chapter.112}{\376\377\000D\000i\000s\000c\000u\000s\000s\000i\000o\000n\000s\000\040\000a\000n\000d\000\040\000C\000o\000n\000c\000l\000u\000s\000i\000o\000n}{}% 46
\BOOKMARK [0][-]{appendix*.113}{\376\377\000B\000i\000b\000l\000i\000o\000g\000r\000a\000p\000h\000y}{}% 47
